[0216/135415.277:ERROR:process_memory_win.cc(73)] ReadMemory at 0x7ff762080000 of 64 bytes failed: Only part of a ReadProcessMemory or WriteProcessMemory request was completed. (0x12B)
[0216/135415.279:WARNING:pe_image_reader.cc(340)] could not read dos header from C:\Program Files (x86)\Google\Chrome\Application\chrome.exe
[0216/135415.279:ERROR:process_memory_win.cc(73)] ReadMemory at 0x7ffd59da0000 of 64 bytes failed: Only part of a ReadProcessMemory or WriteProcessMemory request was completed. (0x12B)
[0216/135415.279:WARNING:pe_image_reader.cc(340)] could not read dos header from C:\Windows\SYSTEM32\ntdll.dll
[0216/135415.279:ERROR:process_memory_win.cc(73)] ReadMemory at 0x7ffd58a20000 of 64 bytes failed: Only part of a ReadProcessMemory or WriteProcessMemory request was completed. (0x12B)
[0216/135415.279:WARNING:pe_image_reader.cc(340)] could not read dos header from C:\Windows\System32\KERNEL32.DLL
[0216/135415.279:ERROR:process_memory_win.cc(73)] ReadMemory at 0x7ffd56d30000 of 64 bytes failed: Only part of a ReadProcessMemory or WriteProcessMemory request was completed. (0x12B)
[0216/135415.279:WARNING:pe_image_reader.cc(340)] could not read dos header from C:\Windows\System32\KERNELBASE.dll
[0216/135415.279:ERROR:process_memory_win.cc(73)] ReadMemory at 0x7ffd506a0000 of 64 bytes failed: Only part of a ReadProcessMemory or WriteProcessMemory request was completed. (0x12B)
[0216/135415.279:WARNING:pe_image_reader.cc(340)] could not read dos header from C:\Program Files (x86)\Google\Chrome\Application\80.0.3987.106\chrome_elf.dll
[0216/135415.279:ERROR:process_memory_win.cc(73)] ReadMemory at 0x7ffd49ef0000 of 64 bytes failed: Only part of a ReadProcessMemory or WriteProcessMemory request was completed. (0x12B)
[0216/135415.280:WARNING:pe_image_reader.cc(340)] could not read dos header from C:\Windows\SYSTEM32\VERSION.dll
[0216/135415.280:ERROR:process_memory_win.cc(73)] ReadMemory at 0x7ffd59650000 of 64 bytes failed: Only part of a ReadProcessMemory or WriteProcessMemory request was completed. (0x12B)
[0216/135415.280:WARNING:pe_image_reader.cc(340)] could not read dos header from C:\Windows\System32\msvcrt.dll
[0216/135415.280:ERROR:process_memory_win.cc(73)] ReadMemory at 0x7ffd57d80000 of 64 bytes failed: Only part of a ReadProcessMemory or WriteProcessMemory request was completed. (0x12B)
[0216/135415.280:WARNING:pe_image_reader.cc(340)] could not read dos header from C:\Windows\System32\bcryptPrimitives.dll
[0216/135415.280:ERROR:process_memory_win.cc(73)] ReadMemory at 0x7ffd59570000 of 64 bytes failed: Only part of a ReadProcessMemory or WriteProcessMemory request was completed. (0x12B)
[0216/135415.280:WARNING:pe_image_reader.cc(340)] could not read dos header from C:\Windows\System32\ADVAPI32.dll
[0216/135415.280:ERROR:process_memory_win.cc(73)] ReadMemory at 0x7ffd592f0000 of 64 bytes failed: Only part of a ReadProcessMemory or WriteProcessMemory request was completed. (0x12B)
[0216/135415.280:WARNING:pe_image_reader.cc(340)] could not read dos header from C:\Windows\System32\sechost.dll
[0216/135415.280:ERROR:process_memory_win.cc(73)] ReadMemory at 0x7ffd58210000 of 64 bytes failed: Only part of a ReadProcessMemory or WriteProcessMemory request was completed. (0x12B)
[0216/135415.280:WARNING:pe_image_reader.cc(340)] could not read dos header from C:\Windows\System32\RPCRT4.dll
[0216/135415.280:ERROR:process_memory_win.cc(73)] ReadMemory at 0x7ffd08660000 of 64 bytes failed: Only part of a ReadProcessMemory or WriteProcessMemory request was completed. (0x12B)
[0216/135415.280:WARNING:pe_image_reader.cc(340)] could not read dos header from C:\Program Files (x86)\Google\Chrome\Application\80.0.3987.106\chrome.dll
[0216/135415.280:ERROR:process_memory_win.cc(73)] ReadMemory at 0x7ffd58da0000 of 64 bytes failed: Only part of a ReadProcessMemory or WriteProcessMemory request was completed. (0x12B)
[0216/135415.280:WARNING:pe_image_reader.cc(340)] could not read dos header from C:\Windows\System32\WS2_32.dll
[0216/135415.280:ERROR:process_memory_win.cc(73)] ReadMemory at 0x25bd7bb0000 of 64 bytes failed: Only part of a ReadProcessMemory or WriteProcessMemory request was completed. (0x12B)
[0216/135415.280:WARNING:pe_image_reader.cc(340)] could not read dos header from C:\Windows\System32\OLEAUT32.dll
[0216/135415.280:ERROR:process_memory_win.cc(73)] ReadMemory at 0x7ffd57a40000 of 64 bytes failed: Only part of a ReadProcessMemory or WriteProcessMemory request was completed. (0x12B)
[0216/135415.280:WARNING:pe_image_reader.cc(340)] could not read dos header from C:\Windows\System32\msvcp_win.dll
[0216/135415.280:ERROR:process_memory_win.cc(73)] ReadMemory at 0x7ffd57b30000 of 64 bytes failed: Only part of a ReadProcessMemory or WriteProcessMemory request was completed. (0x12B)
[0216/135415.280:WARNING:pe_image_reader.cc(340)] could not read dos header from C:\Windows\System32\ucrtbase.dll
[0216/135415.280:ERROR:process_memory_win.cc(73)] ReadMemory at 0x7ffd57e70000 of 64 bytes failed: Only part of a ReadProcessMemory or WriteProcessMemory request was completed. (0x12B)
[0216/135415.280:WARNING:pe_image_reader.cc(340)] could not read dos header from C:\Windows\System32\combase.dll
[0216/135415.281:ERROR:process_memory_win.cc(73)] ReadMemory at 0x7ffd56fe0000 of 64 bytes failed: Only part of a ReadProcessMemory or WriteProcessMemory request was completed. (0x12B)
[0216/135415.281:WARNING:pe_image_reader.cc(340)] could not read dos header from C:\Windows\System32\WINTRUST.dll
[0216/135415.282:ERROR:process_memory_win.cc(73)] ReadMemory at 0x7ffd56cf0000 of 64 bytes failed: Only part of a ReadProcessMemory or WriteProcessMemory request was completed. (0x12B)
[0216/135415.282:WARNING:pe_image_reader.cc(340)] could not read dos header from C:\Windows\System32\MSASN1.dll
[0216/135415.282:ERROR:process_memory_win.cc(73)] ReadMemory at 0x7ffd57c30000 of 64 bytes failed: Only part of a ReadProcessMemory or WriteProcessMemory request was completed. (0x12B)
[0216/135415.282:WARNING:pe_image_reader.cc(340)] could not read dos header from C:\Windows\System32\CRYPT32.dll
[0216/135415.282:ERROR:process_memory_win.cc(73)] ReadMemory at 0x7ffd56190000 of 64 bytes failed: Only part of a ReadProcessMemory or WriteProcessMemory request was completed. (0x12B)
[0216/135415.282:WARNING:pe_image_reader.cc(340)] could not read dos header from C:\Windows\SYSTEM32\IPHLPAPI.DLL
[0216/135415.282:ERROR:process_memory_win.cc(73)] ReadMemory at 0x7ffd54b90000 of 64 bytes failed: Only part of a ReadProcessMemory or WriteProcessMemory request was completed. (0x12B)
[0216/135415.282:WARNING:pe_image_reader.cc(340)] could not read dos header from C:\Windows\SYSTEM32\WINMM.dll
[0216/135415.282:ERROR:process_memory_win.cc(73)] ReadMemory at 0x7ffd473c0000 of 64 bytes failed: Only part of a ReadProcessMemory or WriteProcessMemory request was completed. (0x12B)
[0216/135415.282:WARNING:pe_image_reader.cc(340)] could not read dos header from C:\Windows\SYSTEM32\Secur32.dll
[0216/135415.282:ERROR:process_memory_win.cc(73)] ReadMemory at 0x7ffd56b90000 of 64 bytes failed: Only part of a ReadProcessMemory or WriteProcessMemory request was completed. (0x12B)
[0216/135415.282:WARNING:pe_image_reader.cc(340)] could not read dos header from C:\Windows\SYSTEM32\USERENV.dll
[0216/135415.284:ERROR:process_memory_win.cc(73)] ReadMemory at 0x7ffd56d10000 of 64 bytes failed: Only part of a ReadProcessMemory or WriteProcessMemory request was completed. (0x12B)
[0216/135415.284:WARNING:pe_image_reader.cc(340)] could not read dos header from C:\Windows\System32\profapi.dll
[0216/135415.284:ERROR:process_memory_win.cc(73)] ReadMemory at 0x7ffd3ac10000 of 64 bytes failed: Only part of a ReadProcessMemory or WriteProcessMemory request was completed. (0x12B)
[0216/135415.284:WARNING:pe_image_reader.cc(340)] could not read dos header from C:\Windows\SYSTEM32\UIAutomationCore.DLL
[0216/135415.285:ERROR:process_memory_win.cc(73)] ReadMemory at 0x7ffd41190000 of 64 bytes failed: Only part of a ReadProcessMemory or WriteProcessMemory request was completed. (0x12B)
[0216/135415.285:WARNING:pe_image_reader.cc(340)] could not read dos header from C:\Windows\SYSTEM32\DWrite.dll
[0216/135415.285:ERROR:process_memory_win.cc(73)] ReadMemory at 0x7ffd48ec0000 of 64 bytes failed: Only part of a ReadProcessMemory or WriteProcessMemory request was completed. (0x12B)
[0216/135415.285:WARNING:pe_image_reader.cc(340)] could not read dos header from C:\Windows\SYSTEM32\WINSPOOL.DRV
[0216/135415.285:ERROR:process_memory_win.cc(73)] ReadMemory at 0x7ffd56cd0000 of 64 bytes failed: Only part of a ReadProcessMemory or WriteProcessMemory request was completed. (0x12B)
[0216/135415.285:WARNING:pe_image_reader.cc(340)] could not read dos header from C:\Windows\System32\kernel.appcore.dll
[0216/135415.285:ERROR:process_memory_win.cc(73)] ReadMemory at 0x7ffd577c0000 of 64 bytes failed: Only part of a ReadProcessMemory or WriteProcessMemory request was completed. (0x12B)
[0216/135415.285:WARNING:pe_image_reader.cc(340)] could not read dos header from C:\Windows\System32\bcrypt.dll
[0216/135415.285:ERROR:process_memory_win.cc(73)] ReadMemory at 0x7ffd52a00000 of 64 bytes failed: Only part of a ReadProcessMemory or WriteProcessMemory request was completed. (0x12B)
[0216/135415.285:WARNING:pe_image_reader.cc(340)] could not read dos header from C:\Windows\SYSTEM32\dbghelp.dll
[0216/135415.285:ERROR:process_memory_win.cc(73)] ReadMemory at 0x7ffd4cad0000 of 64 bytes failed: Only part of a ReadProcessMemory or WriteProcessMemory request was completed. (0x12B)
[0216/135415.285:WARNING:pe_image_reader.cc(340)] could not read dos header from C:\Windows\SYSTEM32\WINHTTP.dll
[0216/135415.285:ERROR:process_memory_win.cc(73)] ReadMemory at 0x7ffd4de40000 of 64 bytes failed: Only part of a ReadProcessMemory or WriteProcessMemory request was completed. (0x12B)
[0216/135415.285:WARNING:pe_image_reader.cc(340)] could not read dos header from C:\Windows\SYSTEM32\dhcpcsvc.DLL
[0216/135415.285:ERROR:process_memory_win.cc(73)] ReadMemory at 0x7ffd59280000 of 64 bytes failed: Only part of a ReadProcessMemory or WriteProcessMemory request was completed. (0x12B)
[0216/135415.285:WARNING:pe_image_reader.cc(340)] could not read dos header from C:\Windows\System32\NSI.dll
[0216/135415.285:ERROR:process_memory_win.cc(73)] ReadMemory at 0x7ffd54b60000 of 64 bytes failed: Only part of a ReadProcessMemory or WriteProcessMemory request was completed. (0x12B)
[0216/135415.285:WARNING:pe_image_reader.cc(340)] could not read dos header from C:\Windows\SYSTEM32\WINMMBASE.dll
[0216/135415.286:ERROR:process_memory_win.cc(73)] ReadMemory at 0x7ffd57ae0000 of 64 bytes failed: Only part of a ReadProcessMemory or WriteProcessMemory request was completed. (0x12B)
[0216/135415.286:WARNING:pe_image_reader.cc(340)] could not read dos header from C:\Windows\System32\cfgmgr32.dll
[0216/135415.286:ERROR:process_memory_win.cc(73)] ReadMemory at 0x7ffd53630000 of 64 bytes failed: Only part of a ReadProcessMemory or WriteProcessMemory request was completed. (0x12B)
[0216/135415.286:WARNING:pe_image_reader.cc(340)] could not read dos header from C:\Windows\SYSTEM32\PROPSYS.dll
[0216/135415.286:ERROR:process_memory_win.cc(73)] ReadMemory at 0x7ffd59ad0000 of 64 bytes failed: Only part of a ReadProcessMemory or WriteProcessMemory request was completed. (0x12B)
[0216/135415.286:WARNING:pe_image_reader.cc(340)] could not read dos header from C:\Windows\System32\shcore.dll
[0216/135415.286:ERROR:process_memory_win.cc(73)] ReadMemory at 0x7ffd56b60000 of 64 bytes failed: Only part of a ReadProcessMemory or WriteProcessMemory request was completed. (0x12B)
[0216/135415.286:WARNING:pe_image_reader.cc(340)] could not read dos header from C:\Windows\SYSTEM32\SSPICLI.DLL
[0216/135415.286:ERROR:process_memory_win.cc(73)] ReadMemory at 0x7ffd56650000 of 64 bytes failed: Only part of a ReadProcessMemory or WriteProcessMemory request was completed. (0x12B)
[0216/135415.286:WARNING:pe_image_reader.cc(340)] could not read dos header from C:\Windows\SYSTEM32\CRYPTBASE.DLL
[0216/135415.286:ERROR:process_memory_win.cc(73)] ReadMemory at 0x7ff762080000 of 64 bytes failed: Only part of a ReadProcessMemory or WriteProcessMemory request was completed. (0x12B)
[0216/135415.286:WARNING:pe_image_reader.cc(340)] could not read dos header from C:\Program Files (x86)\Google\Chrome\Application\chrome.exe
[0216/135415.286:ERROR:process_memory_win.cc(73)] ReadMemory at 0x7ffd59da0000 of 64 bytes failed: Only part of a ReadProcessMemory or WriteProcessMemory request was completed. (0x12B)
[0216/135415.286:WARNING:pe_image_reader.cc(340)] could not read dos header from C:\Windows\SYSTEM32\ntdll.dll
[0216/135415.286:ERROR:process_memory_win.cc(73)] ReadMemory at 0x7ffd58a20000 of 64 bytes failed: Only part of a ReadProcessMemory or WriteProcessMemory request was completed. (0x12B)
[0216/135415.286:WARNING:pe_image_reader.cc(340)] could not read dos header from C:\Windows\System32\KERNEL32.DLL
[0216/135415.286:ERROR:process_memory_win.cc(73)] ReadMemory at 0x7ffd56d30000 of 64 bytes failed: Only part of a ReadProcessMemory or WriteProcessMemory request was completed. (0x12B)
[0216/135415.286:WARNING:pe_image_reader.cc(340)] could not read dos header from C:\Windows\System32\KERNELBASE.dll
[0216/135415.286:ERROR:process_memory_win.cc(73)] ReadMemory at 0x7ffd506a0000 of 64 bytes failed: Only part of a ReadProcessMemory or WriteProcessMemory request was completed. (0x12B)
[0216/135415.286:WARNING:pe_image_reader.cc(340)] could not read dos header from C:\Program Files (x86)\Google\Chrome\Application\80.0.3987.106\chrome_elf.dll
[0216/135415.286:ERROR:process_memory_win.cc(73)] ReadMemory at 0x7ffd49ef0000 of 64 bytes failed: Only part of a ReadProcessMemory or WriteProcessMemory request was completed. (0x12B)
[0216/135415.286:WARNING:pe_image_reader.cc(340)] could not read dos header from C:\Windows\SYSTEM32\VERSION.dll
[0216/135415.287:ERROR:process_memory_win.cc(73)] ReadMemory at 0x7ffd59650000 of 64 bytes failed: Only part of a ReadProcessMemory or WriteProcessMemory request was completed. (0x12B)
[0216/135415.287:WARNING:pe_image_reader.cc(340)] could not read dos header from C:\Windows\System32\msvcrt.dll
[0216/135415.287:ERROR:process_memory_win.cc(73)] ReadMemory at 0x7ffd57d80000 of 64 bytes failed: Only part of a ReadProcessMemory or WriteProcessMemory request was completed. (0x12B)
[0216/135415.287:WARNING:pe_image_reader.cc(340)] could not read dos header from C:\Windows\System32\bcryptPrimitives.dll
[0216/135415.287:ERROR:process_memory_win.cc(73)] ReadMemory at 0x7ffd59570000 of 64 bytes failed: Only part of a ReadProcessMemory or WriteProcessMemory request was completed. (0x12B)
[0216/135415.287:WARNING:pe_image_reader.cc(340)] could not read dos header from C:\Windows\System32\ADVAPI32.dll
[0216/135415.287:ERROR:process_memory_win.cc(73)] ReadMemory at 0x7ffd592f0000 of 64 bytes failed: Only part of a ReadProcessMemory or WriteProcessMemory request was completed. (0x12B)
[0216/135415.287:WARNING:pe_image_reader.cc(340)] could not read dos header from C:\Windows\System32\sechost.dll
[0216/135415.287:ERROR:process_memory_win.cc(73)] ReadMemory at 0x7ffd58210000 of 64 bytes failed: Only part of a ReadProcessMemory or WriteProcessMemory request was completed. (0x12B)
[0216/135415.287:WARNING:pe_image_reader.cc(340)] could not read dos header from C:\Windows\System32\RPCRT4.dll
[0216/135415.287:ERROR:process_memory_win.cc(73)] ReadMemory at 0x7ffd08660000 of 64 bytes failed: Only part of a ReadProcessMemory or WriteProcessMemory request was completed. (0x12B)
[0216/135415.287:WARNING:pe_image_reader.cc(340)] could not read dos header from C:\Program Files (x86)\Google\Chrome\Application\80.0.3987.106\chrome.dll
[0216/135415.287:ERROR:process_memory_win.cc(73)] ReadMemory at 0x7ffd58da0000 of 64 bytes failed: Only part of a ReadProcessMemory or WriteProcessMemory request was completed. (0x12B)
[0216/135415.287:WARNING:pe_image_reader.cc(340)] could not read dos header from C:\Windows\System32\WS2_32.dll
[0216/135415.287:ERROR:process_memory_win.cc(73)] ReadMemory at 0x25bd7bb0000 of 64 bytes failed: Only part of a ReadProcessMemory or WriteProcessMemory request was completed. (0x12B)
[0216/135415.287:WARNING:pe_image_reader.cc(340)] could not read dos header from C:\Windows\System32\OLEAUT32.dll
[0216/135415.287:ERROR:process_memory_win.cc(73)] ReadMemory at 0x7ffd57a40000 of 64 bytes failed: Only part of a ReadProcessMemory or WriteProcessMemory request was completed. (0x12B)
[0216/135415.287:WARNING:pe_image_reader.cc(340)] could not read dos header from C:\Windows\System32\msvcp_win.dll
[0216/135415.287:ERROR:process_memory_win.cc(73)] ReadMemory at 0x7ffd57b30000 of 64 bytes failed: Only part of a ReadProcessMemory or WriteProcessMemory request was completed. (0x12B)
[0216/135415.287:WARNING:pe_image_reader.cc(340)] could not read dos header from C:\Windows\System32\ucrtbase.dll
[0216/135415.287:ERROR:process_memory_win.cc(73)] ReadMemory at 0x7ffd57e70000 of 64 bytes failed: Only part of a ReadProcessMemory or WriteProcessMemory request was completed. (0x12B)
[0216/135415.287:WARNING:pe_image_reader.cc(340)] could not read dos header from C:\Windows\System32\combase.dll
[0216/135415.287:ERROR:process_memory_win.cc(73)] ReadMemory at 0x7ffd56fe0000 of 64 bytes failed: Only part of a ReadProcessMemory or WriteProcessMemory request was completed. (0x12B)
[0216/135415.287:WARNING:pe_image_reader.cc(340)] could not read dos header from C:\Windows\System32\WINTRUST.dll
[0216/135415.287:ERROR:process_memory_win.cc(73)] ReadMemory at 0x7ffd56cf0000 of 64 bytes failed: Only part of a ReadProcessMemory or WriteProcessMemory request was completed. (0x12B)
[0216/135415.288:WARNING:pe_image_reader.cc(340)] could not read dos header from C:\Windows\System32\MSASN1.dll
[0216/135415.288:ERROR:process_memory_win.cc(73)] ReadMemory at 0x7ffd57c30000 of 64 bytes failed: Only part of a ReadProcessMemory or WriteProcessMemory request was completed. (0x12B)
[0216/135415.288:WARNING:pe_image_reader.cc(340)] could not read dos header from C:\Windows\System32\CRYPT32.dll
[0216/135415.288:ERROR:process_memory_win.cc(73)] ReadMemory at 0x7ffd56190000 of 64 bytes failed: Only part of a ReadProcessMemory or WriteProcessMemory request was completed. (0x12B)
[0216/135415.288:WARNING:pe_image_reader.cc(340)] could not read dos header from C:\Windows\SYSTEM32\IPHLPAPI.DLL
[0216/135415.288:ERROR:process_memory_win.cc(73)] ReadMemory at 0x7ffd54b90000 of 64 bytes failed: Only part of a ReadProcessMemory or WriteProcessMemory request was completed. (0x12B)
[0216/135415.288:WARNING:pe_image_reader.cc(340)] could not read dos header from C:\Windows\SYSTEM32\WINMM.dll
[0216/135415.288:ERROR:process_memory_win.cc(73)] ReadMemory at 0x7ffd473c0000 of 64 bytes failed: Only part of a ReadProcessMemory or WriteProcessMemory request was completed. (0x12B)
[0216/135415.288:WARNING:pe_image_reader.cc(340)] could not read dos header from C:\Windows\SYSTEM32\Secur32.dll
[0216/135415.288:ERROR:process_memory_win.cc(73)] ReadMemory at 0x7ffd56b90000 of 64 bytes failed: Only part of a ReadProcessMemory or WriteProcessMemory request was completed. (0x12B)
[0216/135415.288:WARNING:pe_image_reader.cc(340)] could not read dos header from C:\Windows\SYSTEM32\USERENV.dll
[0216/135415.288:ERROR:process_memory_win.cc(73)] ReadMemory at 0x7ffd56d10000 of 64 bytes failed: Only part of a ReadProcessMemory or WriteProcessMemory request was completed. (0x12B)
[0216/135415.288:WARNING:pe_image_reader.cc(340)] could not read dos header from C:\Windows\System32\profapi.dll
[0216/135415.288:ERROR:process_memory_win.cc(73)] ReadMemory at 0x7ffd3ac10000 of 64 bytes failed: Only part of a ReadProcessMemory or WriteProcessMemory request was completed. (0x12B)
[0216/135415.288:WARNING:pe_image_reader.cc(340)] could not read dos header from C:\Windows\SYSTEM32\UIAutomationCore.DLL
[0216/135415.288:ERROR:process_memory_win.cc(73)] ReadMemory at 0x7ffd41190000 of 64 bytes failed: Only part of a ReadProcessMemory or WriteProcessMemory request was completed. (0x12B)
[0216/135415.288:WARNING:pe_image_reader.cc(340)] could not read dos header from C:\Windows\SYSTEM32\DWrite.dll
[0216/135415.288:ERROR:process_memory_win.cc(73)] ReadMemory at 0x7ffd48ec0000 of 64 bytes failed: Only part of a ReadProcessMemory or WriteProcessMemory request was completed. (0x12B)
[0216/135415.288:WARNING:pe_image_reader.cc(340)] could not read dos header from C:\Windows\SYSTEM32\WINSPOOL.DRV
[0216/135415.288:ERROR:process_memory_win.cc(73)] ReadMemory at 0x7ffd56cd0000 of 64 bytes failed: Only part of a ReadProcessMemory or WriteProcessMemory request was completed. (0x12B)
[0216/135415.288:WARNING:pe_image_reader.cc(340)] could not read dos header from C:\Windows\System32\kernel.appcore.dll
[0216/135415.288:ERROR:process_memory_win.cc(73)] ReadMemory at 0x7ffd577c0000 of 64 bytes failed: Only part of a ReadProcessMemory or WriteProcessMemory request was completed. (0x12B)
[0216/135415.288:WARNING:pe_image_reader.cc(340)] could not read dos header from C:\Windows\System32\bcrypt.dll
[0216/135415.288:ERROR:process_memory_win.cc(73)] ReadMemory at 0x7ffd52a00000 of 64 bytes failed: Only part of a ReadProcessMemory or WriteProcessMemory request was completed. (0x12B)
[0216/135415.288:WARNING:pe_image_reader.cc(340)] could not read dos header from C:\Windows\SYSTEM32\dbghelp.dll
[0216/135415.289:ERROR:process_memory_win.cc(73)] ReadMemory at 0x7ffd4cad0000 of 64 bytes failed: Only part of a ReadProcessMemory or WriteProcessMemory request was completed. (0x12B)
[0216/135415.289:WARNING:pe_image_reader.cc(340)] could not read dos header from C:\Windows\SYSTEM32\WINHTTP.dll
[0216/135415.289:ERROR:process_memory_win.cc(73)] ReadMemory at 0x7ffd4de40000 of 64 bytes failed: Only part of a ReadProcessMemory or WriteProcessMemory request was completed. (0x12B)
[0216/135415.289:WARNING:pe_image_reader.cc(340)] could not read dos header from C:\Windows\SYSTEM32\dhcpcsvc.DLL
[0216/135415.289:ERROR:process_memory_win.cc(73)] ReadMemory at 0x7ffd59280000 of 64 bytes failed: Only part of a ReadProcessMemory or WriteProcessMemory request was completed. (0x12B)
[0216/135415.289:WARNING:pe_image_reader.cc(340)] could not read dos header from C:\Windows\System32\NSI.dll
[0216/135415.289:ERROR:process_memory_win.cc(73)] ReadMemory at 0x7ffd54b60000 of 64 bytes failed: Only part of a ReadProcessMemory or WriteProcessMemory request was completed. (0x12B)
[0216/135415.289:WARNING:pe_image_reader.cc(340)] could not read dos header from C:\Windows\SYSTEM32\WINMMBASE.dll
[0216/135415.289:ERROR:process_memory_win.cc(73)] ReadMemory at 0x7ffd57ae0000 of 64 bytes failed: Only part of a ReadProcessMemory or WriteProcessMemory request was completed. (0x12B)
[0216/135415.289:WARNING:pe_image_reader.cc(340)] could not read dos header from C:\Windows\System32\cfgmgr32.dll
[0216/135415.289:ERROR:process_memory_win.cc(73)] ReadMemory at 0x7ffd53630000 of 64 bytes failed: Only part of a ReadProcessMemory or WriteProcessMemory request was completed. (0x12B)
[0216/135415.289:WARNING:pe_image_reader.cc(340)] could not read dos header from C:\Windows\SYSTEM32\PROPSYS.dll
[0216/135415.289:ERROR:process_memory_win.cc(73)] ReadMemory at 0x7ffd59ad0000 of 64 bytes failed: Only part of a ReadProcessMemory or WriteProcessMemory request was completed. (0x12B)
[0216/135415.289:WARNING:pe_image_reader.cc(340)] could not read dos header from C:\Windows\System32\shcore.dll
[0216/135415.289:ERROR:process_memory_win.cc(73)] ReadMemory at 0x7ffd56b60000 of 64 bytes failed: Only part of a ReadProcessMemory or WriteProcessMemory request was completed. (0x12B)
[0216/135415.289:WARNING:pe_image_reader.cc(340)] could not read dos header from C:\Windows\SYSTEM32\SSPICLI.DLL
[0216/135415.289:ERROR:process_memory_win.cc(73)] ReadMemory at 0x7ffd56650000 of 64 bytes failed: Only part of a ReadProcessMemory or WriteProcessMemory request was completed. (0x12B)
[0216/135415.289:WARNING:pe_image_reader.cc(340)] could not read dos header from C:\Windows\SYSTEM32\CRYPTBASE.DLL
[0216/135415.300:ERROR:process_memory_win.cc(73)] ReadMemory at 0x69653ef000 of 69632 bytes failed: Only part of a ReadProcessMemory or WriteProcessMemory request was completed. (0x12B)
[0216/135415.301:ERROR:process_memory_win.cc(73)] ReadMemory at 0x6965bfd000 of 12288 bytes failed: Only part of a ReadProcessMemory or WriteProcessMemory request was completed. (0x12B)
[0216/135415.301:ERROR:process_memory_win.cc(73)] ReadMemory at 0x69663fc000 of 16384 bytes failed: Only part of a ReadProcessMemory or WriteProcessMemory request was completed. (0x12B)
[0216/135415.301:ERROR:process_memory_win.cc(73)] ReadMemory at 0x6966bfd000 of 12288 bytes failed: Only part of a ReadProcessMemory or WriteProcessMemory request was completed. (0x12B)
[0216/135415.301:ERROR:process_memory_win.cc(73)] ReadMemory at 0x69673fc000 of 16384 bytes failed: Only part of a ReadProcessMemory or WriteProcessMemory request was completed. (0x12B)
[0216/135415.301:ERROR:process_memory_win.cc(73)] ReadMemory at 0x6967bff000 of 4096 bytes failed: Only part of a ReadProcessMemory or WriteProcessMemory request was completed. (0x12B)
[0216/135415.302:ERROR:process_memory_win.cc(73)] ReadMemory at 0x69683fd000 of 12288 bytes failed: Only part of a ReadProcessMemory or WriteProcessMemory request was completed. (0x12B)
[0216/135415.302:ERROR:process_memory_win.cc(73)] ReadMemory at 0x6968bfb000 of 20480 bytes failed: Only part of a ReadProcessMemory or WriteProcessMemory request was completed. (0x12B)
[0216/135415.302:ERROR:process_memory_win.cc(73)] ReadMemory at 0x6969bf7000 of 36864 bytes failed: Only part of a ReadProcessMemory or WriteProcessMemory request was completed. (0x12B)
[0216/135415.302:ERROR:process_memory_win.cc(73)] ReadMemory at 0x696a3f5000 of 45056 bytes failed: Only part of a ReadProcessMemory or WriteProcessMemory request was completed. (0x12B)
[0216/135415.302:ERROR:process_memory_win.cc(73)] ReadMemory at 0x696abfd000 of 12288 bytes failed: Only part of a ReadProcessMemory or WriteProcessMemory request was completed. (0x12B)
[0216/135415.303:ERROR:process_memory_win.cc(73)] ReadMemory at 0x696b3fd000 of 12288 bytes failed: Only part of a ReadProcessMemory or WriteProcessMemory request was completed. (0x12B)
[0216/135415.303:ERROR:process_memory_win.cc(73)] ReadMemory at 0x696bbfd000 of 12288 bytes failed: Only part of a ReadProcessMemory or WriteProcessMemory request was completed. (0x12B)
[0216/135415.303:ERROR:process_memory_win.cc(73)] ReadMemory at 0x6964adb000 of 852 bytes failed: Only part of a ReadProcessMemory or WriteProcessMemory request was completed. (0x12B)
[0216/135415.303:ERROR:process_memory_win.cc(73)] ReadMemory at 0x6964adc000 of 6024 bytes failed: Only part of a ReadProcessMemory or WriteProcessMemory request was completed. (0x12B)
[0216/135415.303:ERROR:process_memory_win.cc(73)] ReadMemory at 0x6964ade000 of 6024 bytes failed: Only part of a ReadProcessMemory or WriteProcessMemory request was completed. (0x12B)
[0216/135415.303:ERROR:process_memory_win.cc(73)] ReadMemory at 0x6964ae0000 of 6024 bytes failed: Only part of a ReadProcessMemory or WriteProcessMemory request was completed. (0x12B)
[0216/135415.304:ERROR:process_memory_win.cc(73)] ReadMemory at 0x6964ae2000 of 6024 bytes failed: Only part of a ReadProcessMemory or WriteProcessMemory request was completed. (0x12B)
[0216/135415.304:ERROR:process_memory_win.cc(73)] ReadMemory at 0x6964ae4000 of 6024 bytes failed: Only part of a ReadProcessMemory or WriteProcessMemory request was completed. (0x12B)
[0216/135415.304:ERROR:process_memory_win.cc(73)] ReadMemory at 0x6964ae6000 of 6024 bytes failed: Only part of a ReadProcessMemory or WriteProcessMemory request was completed. (0x12B)
[0216/135415.304:ERROR:process_memory_win.cc(73)] ReadMemory at 0x6964ae8000 of 6024 bytes failed: Only part of a ReadProcessMemory or WriteProcessMemory request was completed. (0x12B)
[0216/135415.304:ERROR:process_memory_win.cc(73)] ReadMemory at 0x6964aea000 of 6024 bytes failed: Only part of a ReadProcessMemory or WriteProcessMemory request was completed. (0x12B)
[0216/135415.304:ERROR:process_memory_win.cc(73)] ReadMemory at 0x6964aee000 of 6024 bytes failed: Only part of a ReadProcessMemory or WriteProcessMemory request was completed. (0x12B)
[0216/135415.304:ERROR:process_memory_win.cc(73)] ReadMemory at 0x6964af0000 of 6024 bytes failed: Only part of a ReadProcessMemory or WriteProcessMemory request was completed. (0x12B)
[0216/135415.304:ERROR:process_memory_win.cc(73)] ReadMemory at 0x6964af2000 of 6024 bytes failed: Only part of a ReadProcessMemory or WriteProcessMemory request was completed. (0x12B)
[0216/135415.305:ERROR:process_memory_win.cc(73)] ReadMemory at 0x6964af4000 of 6024 bytes failed: Only part of a ReadProcessMemory or WriteProcessMemory request was completed. (0x12B)
[0216/135415.305:ERROR:process_memory_win.cc(73)] ReadMemory at 0x6964af6000 of 6024 bytes failed: Only part of a ReadProcessMemory or WriteProcessMemory request was completed. (0x12B)
[0216/135415.305:ERROR:process_memory_win.cc(73)] ReadMemory at 0x25bd7920750 of 80 bytes failed: Only part of a ReadProcessMemory or WriteProcessMemory request was completed. (0x12B)
[0216/135415.305:ERROR:process_memory_win.cc(73)] ReadMemory at 0x25bd7920fe0 of 16708 bytes failed: Only part of a ReadProcessMemory or WriteProcessMemory request was completed. (0x12B)
[0216/135415.305:ERROR:process_memory_win.cc(73)] ReadMemory at 0x25bd7925130 of 1012 bytes failed: Only part of a ReadProcessMemory or WriteProcessMemory request was completed. (0x12B)
[0216/135415.305:ERROR:process_memory_win.cc(73)] ReadMemory at 0x25bd7925778 of 118 bytes failed: Only part of a ReadProcessMemory or WriteProcessMemory request was completed. (0x12B)
[0216/135415.306:ERROR:process_memory_win.cc(73)] ReadMemory at 0x25bd79257f0 of 752 bytes failed: Only part of a ReadProcessMemory or WriteProcessMemory request was completed. (0x12B)
[0216/135415.306:ERROR:process_memory_win.cc(73)] ReadMemory at 0x25bd7925ae2 of 118 bytes failed: Only part of a ReadProcessMemory or WriteProcessMemory request was completed. (0x12B)
[0216/135415.306:ERROR:process_memory_win.cc(73)] ReadMemory at 0x25bd7925b5a of 100 bytes failed: Only part of a ReadProcessMemory or WriteProcessMemory request was completed. (0x12B)
[0216/135415.306:ERROR:process_memory_win.cc(73)] ReadMemory at 0x25bd7925bd0 of 58 bytes failed: Only part of a ReadProcessMemory or WriteProcessMemory request was completed. (0x12B)
[0216/135415.306:ERROR:process_memory_win.cc(73)] ReadMemory at 0x25bd7925cd0 of 132 bytes failed: Only part of a ReadProcessMemory or WriteProcessMemory request was completed. (0x12B)
[0216/135415.306:ERROR:process_memory_win.cc(73)] ReadMemory at 0x25bd7925e60 of 132 bytes failed: Only part of a ReadProcessMemory or WriteProcessMemory request was completed. (0x12B)
[0216/135415.306:ERROR:process_memory_win.cc(73)] ReadMemory at 0x25bd7926020 of 126 bytes failed: Only part of a ReadProcessMemory or WriteProcessMemory request was completed. (0x12B)
[0216/135415.306:ERROR:process_memory_win.cc(73)] ReadMemory at 0x25bd7926400 of 132 bytes failed: Only part of a ReadProcessMemory or WriteProcessMemory request was completed. (0x12B)
[0216/135415.307:ERROR:process_memory_win.cc(73)] ReadMemory at 0x25bd7926590 of 64 bytes failed: Only part of a ReadProcessMemory or WriteProcessMemory request was completed. (0x12B)
[0216/135415.307:ERROR:process_memory_win.cc(73)] ReadMemory at 0x25bd79265e0 of 132 bytes failed: Only part of a ReadProcessMemory or WriteProcessMemory request was completed. (0x12B)
[0216/135415.307:ERROR:process_memory_win.cc(73)] ReadMemory at 0x25bd7926750 of 132 bytes failed: Only part of a ReadProcessMemory or WriteProcessMemory request was completed. (0x12B)
[0216/135415.307:ERROR:process_memory_win.cc(73)] ReadMemory at 0x25bd79269f0 of 132 bytes failed: Only part of a ReadProcessMemory or WriteProcessMemory request was completed. (0x12B)
[0216/135415.307:ERROR:process_memory_win.cc(73)] ReadMemory at 0x25bd7926b80 of 68 bytes failed: Only part of a ReadProcessMemory or WriteProcessMemory request was completed. (0x12B)
[0216/135415.307:ERROR:process_memory_win.cc(73)] ReadMemory at 0x25bd7927c50 of 132 bytes failed: Only part of a ReadProcessMemory or WriteProcessMemory request was completed. (0x12B)
[0216/135415.308:ERROR:process_memory_win.cc(73)] ReadMemory at 0x25bd7927de0 of 154 bytes failed: Only part of a ReadProcessMemory or WriteProcessMemory request was completed. (0x12B)
[0216/135415.308:ERROR:process_memory_win.cc(73)] ReadMemory at 0x25bd7928bf0 of 62 bytes failed: Only part of a ReadProcessMemory or WriteProcessMemory request was completed. (0x12B)
[0216/135415.308:ERROR:process_memory_win.cc(73)] ReadMemory at 0x25bd7928c70 of 146 bytes failed: Only part of a ReadProcessMemory or WriteProcessMemory request was completed. (0x12B)
[0216/135415.308:ERROR:process_memory_win.cc(73)] ReadMemory at 0x25bd7928d50 of 132 bytes failed: Only part of a ReadProcessMemory or WriteProcessMemory request was completed. (0x12B)
[0216/135415.308:ERROR:process_memory_win.cc(73)] ReadMemory at 0x25bd7928ee0 of 60 bytes failed: Only part of a ReadProcessMemory or WriteProcessMemory request was completed. (0x12B)
[0216/135415.308:ERROR:process_memory_win.cc(73)] ReadMemory at 0x25bd7929bc0 of 132 bytes failed: Only part of a ReadProcessMemory or WriteProcessMemory request was completed. (0x12B)
[0216/135415.308:ERROR:process_memory_win.cc(73)] ReadMemory at 0x25bd792a920 of 132 bytes failed: Only part of a ReadProcessMemory or WriteProcessMemory request was completed. (0x12B)
[0216/135415.308:ERROR:process_memory_win.cc(73)] ReadMemory at 0x25bd792d870 of 60 bytes failed: Only part of a ReadProcessMemory or WriteProcessMemory request was completed. (0x12B)
[0216/135415.308:ERROR:process_memory_win.cc(73)] ReadMemory at 0x25bd792d8c0 of 64 bytes failed: Only part of a ReadProcessMemory or WriteProcessMemory request was completed. (0x12B)
[0216/135415.308:ERROR:process_memory_win.cc(73)] ReadMemory at 0x25bd792d960 of 64 bytes failed: Only part of a ReadProcessMemory or WriteProcessMemory request was completed. (0x12B)
[0216/135415.308:ERROR:process_memory_win.cc(73)] ReadMemory at 0x25bd792d9b0 of 66 bytes failed: Only part of a ReadProcessMemory or WriteProcessMemory request was completed. (0x12B)
[0216/135415.308:ERROR:process_memory_win.cc(73)] ReadMemory at 0x25bd792daa0 of 62 bytes failed: Only part of a ReadProcessMemory or WriteProcessMemory request was completed. (0x12B)
[0216/135415.308:ERROR:process_memory_win.cc(73)] ReadMemory at 0x25bd792daf0 of 64 bytes failed: Only part of a ReadProcessMemory or WriteProcessMemory request was completed. (0x12B)
[0216/135415.309:ERROR:process_memory_win.cc(73)] ReadMemory at 0x25bd792dbe0 of 64 bytes failed: Only part of a ReadProcessMemory or WriteProcessMemory request was completed. (0x12B)
[0216/135415.309:ERROR:process_memory_win.cc(73)] ReadMemory at 0x25bd792dc80 of 60 bytes failed: Only part of a ReadProcessMemory or WriteProcessMemory request was completed. (0x12B)
[0216/135415.309:ERROR:process_memory_win.cc(73)] ReadMemory at 0x25bd792dd70 of 62 bytes failed: Only part of a ReadProcessMemory or WriteProcessMemory request was completed. (0x12B)
[0216/135415.309:ERROR:process_memory_win.cc(73)] ReadMemory at 0x25bd792e030 of 132 bytes failed: Only part of a ReadProcessMemory or WriteProcessMemory request was completed. (0x12B)
[0216/135415.309:ERROR:process_memory_win.cc(73)] ReadMemory at 0x25bd792e160 of 132 bytes failed: Only part of a ReadProcessMemory or WriteProcessMemory request was completed. (0x12B)
[0216/135415.309:ERROR:process_memory_win.cc(73)] ReadMemory at 0x25bd792e290 of 132 bytes failed: Only part of a ReadProcessMemory or WriteProcessMemory request was completed. (0x12B)
[0216/135415.309:ERROR:process_memory_win.cc(73)] ReadMemory at 0x25bd792e3c0 of 132 bytes failed: Only part of a ReadProcessMemory or WriteProcessMemory request was completed. (0x12B)
[0216/135415.309:ERROR:process_memory_win.cc(73)] ReadMemory at 0x25bd792e4f0 of 132 bytes failed: Only part of a ReadProcessMemory or WriteProcessMemory request was completed. (0x12B)
[0216/135415.309:ERROR:process_memory_win.cc(73)] ReadMemory at 0x25bd792e750 of 132 bytes failed: Only part of a ReadProcessMemory or WriteProcessMemory request was completed. (0x12B)
[0216/135415.309:ERROR:process_memory_win.cc(73)] ReadMemory at 0x25bd792e880 of 132 bytes failed: Only part of a ReadProcessMemory or WriteProcessMemory request was completed. (0x12B)
[0216/135415.309:ERROR:process_memory_win.cc(73)] ReadMemory at 0x25bd792e9b0 of 132 bytes failed: Only part of a ReadProcessMemory or WriteProcessMemory request was completed. (0x12B)
[0216/135415.310:ERROR:process_memory_win.cc(73)] ReadMemory at 0x25bd792eae0 of 132 bytes failed: Only part of a ReadProcessMemory or WriteProcessMemory request was completed. (0x12B)
[0216/135415.310:ERROR:process_memory_win.cc(73)] ReadMemory at 0x25bd792ec10 of 132 bytes failed: Only part of a ReadProcessMemory or WriteProcessMemory request was completed. (0x12B)
[0216/135415.310:ERROR:process_memory_win.cc(73)] ReadMemory at 0x25bd792ed40 of 132 bytes failed: Only part of a ReadProcessMemory or WriteProcessMemory request was completed. (0x12B)
[0216/135415.310:ERROR:process_memory_win.cc(73)] ReadMemory at 0x25bd792ee70 of 132 bytes failed: Only part of a ReadProcessMemory or WriteProcessMemory request was completed. (0x12B)
[0216/135415.310:ERROR:process_memory_win.cc(73)] ReadMemory at 0x25bd7931460 of 54 bytes failed: Only part of a ReadProcessMemory or WriteProcessMemory request was completed. (0x12B)
[0216/135415.310:ERROR:process_memory_win.cc(73)] ReadMemory at 0x25bd7931fb0 of 132 bytes failed: Only part of a ReadProcessMemory or WriteProcessMemory request was completed. (0x12B)
[0216/135415.310:ERROR:process_memory_win.cc(73)] ReadMemory at 0x25bd7932780 of 132 bytes failed: Only part of a ReadProcessMemory or WriteProcessMemory request was completed. (0x12B)
[0216/135415.310:ERROR:process_memory_win.cc(73)] ReadMemory at 0x25bd7934270 of 80 bytes failed: Only part of a ReadProcessMemory or WriteProcessMemory request was completed. (0x12B)
[0216/135415.310:ERROR:process_memory_win.cc(73)] ReadMemory at 0x25bd7934b10 of 76 bytes failed: Only part of a ReadProcessMemory or WriteProcessMemory request was completed. (0x12B)
[0216/135415.310:ERROR:process_memory_win.cc(73)] ReadMemory at 0x25bd7934fe0 of 62 bytes failed: Only part of a ReadProcessMemory or WriteProcessMemory request was completed. (0x12B)
[0216/135415.310:ERROR:process_memory_win.cc(73)] ReadMemory at 0x25bd7935030 of 64 bytes failed: Only part of a ReadProcessMemory or WriteProcessMemory request was completed. (0x12B)
[0216/135415.310:ERROR:process_memory_win.cc(73)] ReadMemory at 0x25bd7935210 of 62 bytes failed: Only part of a ReadProcessMemory or WriteProcessMemory request was completed. (0x12B)
[0216/135415.310:ERROR:process_memory_win.cc(73)] ReadMemory at 0x25bd79352b0 of 64 bytes failed: Only part of a ReadProcessMemory or WriteProcessMemory request was completed. (0x12B)
[0216/135415.311:ERROR:process_memory_win.cc(73)] ReadMemory at 0x25bd7935530 of 58 bytes failed: Only part of a ReadProcessMemory or WriteProcessMemory request was completed. (0x12B)
[0216/135415.311:ERROR:process_memory_win.cc(73)] ReadMemory at 0x25bd7935580 of 62 bytes failed: Only part of a ReadProcessMemory or WriteProcessMemory request was completed. (0x12B)
[0216/135415.311:ERROR:process_memory_win.cc(73)] ReadMemory at 0x25bd79355d0 of 62 bytes failed: Only part of a ReadProcessMemory or WriteProcessMemory request was completed. (0x12B)
[0216/135415.311:ERROR:process_memory_win.cc(73)] ReadMemory at 0x25bd7935620 of 62 bytes failed: Only part of a ReadProcessMemory or WriteProcessMemory request was completed. (0x12B)
[0216/135415.311:ERROR:process_memory_win.cc(73)] ReadMemory at 0x25bd7935670 of 62 bytes failed: Only part of a ReadProcessMemory or WriteProcessMemory request was completed. (0x12B)
[0216/135415.311:ERROR:process_memory_win.cc(73)] ReadMemory at 0x25bd79356c0 of 60 bytes failed: Only part of a ReadProcessMemory or WriteProcessMemory request was completed. (0x12B)
[0216/135415.312:ERROR:process_memory_win.cc(73)] ReadMemory at 0x25bd7935710 of 62 bytes failed: Only part of a ReadProcessMemory or WriteProcessMemory request was completed. (0x12B)
[0216/135415.312:ERROR:process_memory_win.cc(73)] ReadMemory at 0x25bd7935850 of 60 bytes failed: Only part of a ReadProcessMemory or WriteProcessMemory request was completed. (0x12B)
[0216/135415.312:ERROR:process_memory_win.cc(73)] ReadMemory at 0x25bd79358f0 of 60 bytes failed: Only part of a ReadProcessMemory or WriteProcessMemory request was completed. (0x12B)
[0216/135415.312:ERROR:process_memory_win.cc(73)] ReadMemory at 0x25bd79359e0 of 64 bytes failed: Only part of a ReadProcessMemory or WriteProcessMemory request was completed. (0x12B)
[0216/135415.312:ERROR:process_memory_win.cc(73)] ReadMemory at 0x25bd7935a30 of 64 bytes failed: Only part of a ReadProcessMemory or WriteProcessMemory request was completed. (0x12B)
[0216/135415.312:ERROR:process_memory_win.cc(73)] ReadMemory at 0x25bd7935b20 of 62 bytes failed: Only part of a ReadProcessMemory or WriteProcessMemory request was completed. (0x12B)
[0216/135415.312:ERROR:process_memory_win.cc(73)] ReadMemory at 0x25bd7935d50 of 60 bytes failed: Only part of a ReadProcessMemory or WriteProcessMemory request was completed. (0x12B)
[0216/135415.312:ERROR:process_memory_win.cc(73)] ReadMemory at 0x25bd7935e90 of 66 bytes failed: Only part of a ReadProcessMemory or WriteProcessMemory request was completed. (0x12B)
[0216/135415.312:ERROR:process_memory_win.cc(73)] ReadMemory at 0x25bd7938730 of 132 bytes failed: Only part of a ReadProcessMemory or WriteProcessMemory request was completed. (0x12B)
[0216/135415.312:ERROR:process_memory_win.cc(73)] ReadMemory at 0x25bd7938950 of 132 bytes failed: Only part of a ReadProcessMemory or WriteProcessMemory request was completed. (0x12B)
[0216/135415.312:ERROR:process_memory_win.cc(73)] ReadMemory at 0x25bd7938cb0 of 132 bytes failed: Only part of a ReadProcessMemory or WriteProcessMemory request was completed. (0x12B)
[0216/135415.313:ERROR:process_memory_win.cc(73)] ReadMemory at 0x25bd793a9c0 of 132 bytes failed: Only part of a ReadProcessMemory or WriteProcessMemory request was completed. (0x12B)
[0216/135415.313:ERROR:process_memory_win.cc(73)] ReadMemory at 0x25bd793ad10 of 132 bytes failed: Only part of a ReadProcessMemory or WriteProcessMemory request was completed. (0x12B)
[0216/135415.313:ERROR:process_memory_win.cc(73)] ReadMemory at 0x25bd793b570 of 132 bytes failed: Only part of a ReadProcessMemory or WriteProcessMemory request was completed. (0x12B)
[0216/135415.313:ERROR:process_memory_win.cc(73)] ReadMemory at 0x25bd793b7d0 of 132 bytes failed: Only part of a ReadProcessMemory or WriteProcessMemory request was completed. (0x12B)
[0216/135415.313:ERROR:process_memory_win.cc(73)] ReadMemory at 0x25bd793b900 of 132 bytes failed: Only part of a ReadProcessMemory or WriteProcessMemory request was completed. (0x12B)
[0216/135415.313:ERROR:process_memory_win.cc(73)] ReadMemory at 0x25bd793bb60 of 132 bytes failed: Only part of a ReadProcessMemory or WriteProcessMemory request was completed. (0x12B)
[0216/135415.313:ERROR:process_memory_win.cc(73)] ReadMemory at 0x25bd793bc90 of 132 bytes failed: Only part of a ReadProcessMemory or WriteProcessMemory request was completed. (0x12B)
[0216/135415.313:ERROR:process_memory_win.cc(73)] ReadMemory at 0x25bd793bdc0 of 132 bytes failed: Only part of a ReadProcessMemory or WriteProcessMemory request was completed. (0x12B)
[0216/135415.313:ERROR:process_memory_win.cc(73)] ReadMemory at 0x25bd793c020 of 132 bytes failed: Only part of a ReadProcessMemory or WriteProcessMemory request was completed. (0x12B)
[0216/135415.314:ERROR:process_memory_win.cc(73)] ReadMemory at 0x25bd793c4e0 of 132 bytes failed: Only part of a ReadProcessMemory or WriteProcessMemory request was completed. (0x12B)
[0216/135415.314:ERROR:process_memory_win.cc(73)] ReadMemory at 0x25bd793c740 of 132 bytes failed: Only part of a ReadProcessMemory or WriteProcessMemory request was completed. (0x12B)
[0216/135415.314:ERROR:process_memory_win.cc(73)] ReadMemory at 0x25bd793cc00 of 132 bytes failed: Only part of a ReadProcessMemory or WriteProcessMemory request was completed. (0x12B)
[0216/135415.314:ERROR:process_memory_win.cc(73)] ReadMemory at 0x25bd79535d0 of 512 bytes failed: Only part of a ReadProcessMemory or WriteProcessMemory request was completed. (0x12B)
[0216/135415.314:ERROR:process_memory_win.cc(73)] ReadMemory at 0x25bd7954360 of 512 bytes failed: Only part of a ReadProcessMemory or WriteProcessMemory request was completed. (0x12B)
[0216/135415.314:ERROR:process_memory_win.cc(73)] ReadMemory at 0x25bd7b21b40 of 512 bytes failed: Only part of a ReadProcessMemory or WriteProcessMemory request was completed. (0x12B)
[0216/135415.314:ERROR:process_memory_win.cc(73)] ReadMemory at 0x25bd7cc0f30 of 512 bytes failed: Only part of a ReadProcessMemory or WriteProcessMemory request was completed. (0x12B)
[0216/135415.314:ERROR:process_memory_win.cc(73)] ReadMemory at 0x25bd7cc4610 of 512 bytes failed: Only part of a ReadProcessMemory or WriteProcessMemory request was completed. (0x12B)
[0216/135415.314:ERROR:process_memory_win.cc(73)] ReadMemory at 0x25bd7cc4fd0 of 512 bytes failed: Only part of a ReadProcessMemory or WriteProcessMemory request was completed. (0x12B)
[0216/135415.314:ERROR:process_memory_win.cc(73)] ReadMemory at 0x25bd7cc6360 of 512 bytes failed: Only part of a ReadProcessMemory or WriteProcessMemory request was completed. (0x12B)
[0216/135415.315:ERROR:process_memory_win.cc(73)] ReadMemory at 0x25bd7ccacd8 of 512 bytes failed: Only part of a ReadProcessMemory or WriteProcessMemory request was completed. (0x12B)
[0216/135415.315:ERROR:process_memory_win.cc(73)] ReadMemory at 0x25bd7ccb158 of 512 bytes failed: Only part of a ReadProcessMemory or WriteProcessMemory request was completed. (0x12B)
[0216/135415.315:ERROR:process_memory_win.cc(73)] ReadMemory at 0x25bd7ccb4b8 of 512 bytes failed: Only part of a ReadProcessMemory or WriteProcessMemory request was completed. (0x12B)
[0216/135415.315:ERROR:process_memory_win.cc(73)] ReadMemory at 0x25bd7cdbe40 of 712 bytes failed: Only part of a ReadProcessMemory or WriteProcessMemory request was completed. (0x12B)
[0216/135415.315:ERROR:process_memory_win.cc(73)] ReadMemory at 0x25bd9cf6b10 of 512 bytes failed: Only part of a ReadProcessMemory or WriteProcessMemory request was completed. (0x12B)
[0216/135415.315:ERROR:process_memory_win.cc(73)] ReadMemory at 0x25bda03b680 of 512 bytes failed: Only part of a ReadProcessMemory or WriteProcessMemory request was completed. (0x12B)
[0216/135415.315:ERROR:process_memory_win.cc(73)] ReadMemory at 0x25bda03bb00 of 512 bytes failed: Only part of a ReadProcessMemory or WriteProcessMemory request was completed. (0x12B)
[0216/135415.315:ERROR:process_memory_win.cc(73)] ReadMemory at 0x25bdaa1d270 of 512 bytes failed: Only part of a ReadProcessMemory or WriteProcessMemory request was completed. (0x12B)
[0216/135415.315:ERROR:process_memory_win.cc(73)] ReadMemory at 0x7ffd0866645f of 512 bytes failed: Only part of a ReadProcessMemory or WriteProcessMemory request was completed. (0x12B)
[0216/135415.315:ERROR:process_memory_win.cc(73)] ReadMemory at 0x7ffd0866f331 of 512 bytes failed: Only part of a ReadProcessMemory or WriteProcessMemory request was completed. (0x12B)
[0216/135415.316:ERROR:process_memory_win.cc(73)] ReadMemory at 0x7ffd086e5f53 of 512 bytes failed: Only part of a ReadProcessMemory or WriteProcessMemory request was completed. (0x12B)
[0216/135415.316:ERROR:process_memory_win.cc(73)] ReadMemory at 0x7ffd094a74b0 of 512 bytes failed: Only part of a ReadProcessMemory or WriteProcessMemory request was completed. (0x12B)
[0216/135415.316:ERROR:process_memory_win.cc(73)] ReadMemory at 0x7ffd0ac1042c of 512 bytes failed: Only part of a ReadProcessMemory or WriteProcessMemory request was completed. (0x12B)
[0216/135415.316:ERROR:process_memory_win.cc(73)] ReadMemory at 0x7ffd0f065b3e of 512 bytes failed: Only part of a ReadProcessMemory or WriteProcessMemory request was completed. (0x12B)
[0216/135415.316:ERROR:process_memory_win.cc(73)] ReadMemory at 0x7ffd56d6a7b9 of 512 bytes failed: Only part of a ReadProcessMemory or WriteProcessMemory request was completed. (0x12B)
[0216/135415.316:ERROR:process_memory_win.cc(73)] ReadMemory at 0x7ffd56f9b6d0 of 512 bytes failed: Only part of a ReadProcessMemory or WriteProcessMemory request was completed. (0x12B)
[0216/135415.316:ERROR:process_memory_win.cc(73)] ReadMemory at 0x7ffd59e3c0c4 of 672 bytes failed: Only part of a ReadProcessMemory or WriteProcessMemory request was completed. (0x12B)
[0216/135415.316:ERROR:process_memory_win.cc(73)] ReadMemory at 0x7ffd59e3c6c4 of 512 bytes failed: Only part of a ReadProcessMemory or WriteProcessMemory request was completed. (0x12B)
[0216/135415.317:ERROR:process_memory_win.cc(73)] ReadMemory at 0x7ffd59e3f974 of 608 bytes failed: Only part of a ReadProcessMemory or WriteProcessMemory request was completed. (0x12B)
[0216/135415.317:ERROR:process_memory_win.cc(73)] ReadMemory at 0x7ffd59ecc428 of 18 bytes failed: Only part of a ReadProcessMemory or WriteProcessMemory request was completed. (0x12B)
[0216/135415.317:ERROR:process_memory_win.cc(73)] ReadMemory at 0x7ffd59eff4f8 of 40 bytes failed: Only part of a ReadProcessMemory or WriteProcessMemory request was completed. (0x12B)
[0216/135415.317:ERROR:process_memory_win.cc(73)] ReadMemory at 0x7ffd59eff978 of 48 bytes failed: Only part of a ReadProcessMemory or WriteProcessMemory request was completed. (0x12B)
[0216/135415.317:ERROR:process_memory_win.cc(73)] ReadMemory at 0x7ffd59f053c0 of 64 bytes failed: Only part of a ReadProcessMemory or WriteProcessMemory request was completed. (0x12B)
[0216/135415.318:ERROR:scoped_process_suspend.cc(40)] NtResumeProcess: An attempt was made to access an exiting process. (0xc000010a)
